<?xml version="1.0" encoding="UTF-8"?>
<testsuite name="com.reservoir.TicTacToe.CellTest" tests="2" skipped="0" failures="0" errors="0" timestamp="2016-10-28T20:11:22" hostname="hivsteini-Lenovo-G50-80" time="0.141">
  <properties/>
  <testcase name="testGetMove" classname="com.reservoir.TicTacToe.CellTest" time="0.14"/>
  <testcase name="testSetMove" classname="com.reservoir.TicTacToe.CellTest" time="0.0"/>
  <system-out><![CDATA[]]></system-out>
  <system-err><![CDATA[]]></system-err>
</testsuite>
