<?xml version="1.0" encoding="UTF-8"?>
<testsuite name="com.reservoir.TicTacToe.PlayerTest" tests="2" skipped="0" failures="0" errors="0" timestamp="2016-10-28T20:11:22" hostname="hivsteini-Lenovo-G50-80" time="0.004">
  <properties/>
  <testcase name="playerHasName" classname="com.reservoir.TicTacToe.PlayerTest" time="0.003"/>
  <testcase name="playerHasX" classname="com.reservoir.TicTacToe.PlayerTest" time="0.0"/>
  <system-out><![CDATA[]]></system-out>
  <system-err><![CDATA[]]></system-err>
</testsuite>
