<?xml version="1.0" encoding="UTF-8"?>
<testsuite name="com.reservoir.TicTacToe.BoardTest" tests="18" skipped="0" failures="0" errors="0" timestamp="2016-10-28T20:11:22" hostname="hivsteini-Lenovo-G50-80" time="0.058">
  <properties/>
  <testcase name="CheckForWin_EmptyBoard" classname="com.reservoir.TicTacToe.BoardTest" time="0.004"/>
  <testcase name="CheckForWin_XHasWonCol" classname="com.reservoir.TicTacToe.BoardTest" time="0.002"/>
  <testcase name="CheckForWin_XHasWonRow" classname="com.reservoir.TicTacToe.BoardTest" time="0.001"/>
  <testcase name="addMarksToCell" classname="com.reservoir.TicTacToe.BoardTest" time="0.001"/>
  <testcase name="CheckIfBoardIsFull_Draw" classname="com.reservoir.TicTacToe.BoardTest" time="0.002"/>
  <testcase name="CheckForWin_NoWinsDifferentMarks" classname="com.reservoir.TicTacToe.BoardTest" time="0.001"/>
  <testcase name="TryingToAddMarkOutsideOfTheBoard" classname="com.reservoir.TicTacToe.BoardTest" time="0.02"/>
  <testcase name="CheckIfBoardIsFull_BoardFullOWins" classname="com.reservoir.TicTacToe.BoardTest" time="0.001"/>
  <testcase name="CheckForWin_XDiagWin" classname="com.reservoir.TicTacToe.BoardTest" time="0.002"/>
  <testcase name="TryingToReachOutOfTheBoard" classname="com.reservoir.TicTacToe.BoardTest" time="0.002"/>
  <testcase name="MarkAddedTwiceToTheSameCell" classname="com.reservoir.TicTacToe.BoardTest" time="0.001"/>
  <testcase name="CheckForWin_OHasWonCol" classname="com.reservoir.TicTacToe.BoardTest" time="0.001"/>
  <testcase name="CheckForWin_OHasWonRow" classname="com.reservoir.TicTacToe.BoardTest" time="0.001"/>
  <testcase name="CheckForWin_NoWinsCol" classname="com.reservoir.TicTacToe.BoardTest" time="0.002"/>
  <testcase name="boardCorrectlyBuilt" classname="com.reservoir.TicTacToe.BoardTest" time="0.002"/>
  <testcase name="CheckForWin_NoDiagWin" classname="com.reservoir.TicTacToe.BoardTest" time="0.001"/>
  <testcase name="CheckIfBoardIsFull_EmptyBoard" classname="com.reservoir.TicTacToe.BoardTest" time="0.001"/>
  <testcase name="CheckForWin_ODiagWin" classname="com.reservoir.TicTacToe.BoardTest" time="0.002"/>
  <system-out><![CDATA[]]></system-out>
  <system-err><![CDATA[]]></system-err>
</testsuite>
